[0.008s] Invoking command in '/home/pavaris/FRA532_LAB2_Control/build/quad_description': CMAKE_PREFIX_PATH=/opt/ros/humble /usr/bin/cmake --build /home/pavaris/FRA532_LAB2_Control/build/quad_description -- -j16 -l16
[0.030s] -- Found ament_cmake: 1.3.12 (/opt/ros/humble/share/ament_cmake/cmake)
[0.211s] -- Configuring done
[0.214s] -- Generating done
[0.216s] -- Build files have been written to: /home/pavaris/FRA532_LAB2_Control/build/quad_description
[0.233s] Invoked command in '/home/pavaris/FRA532_LAB2_Control/build/quad_description' returned '0': CMAKE_PREFIX_PATH=/opt/ros/humble /usr/bin/cmake --build /home/pavaris/FRA532_LAB2_Control/build/quad_description -- -j16 -l16
[0.241s] Invoking command in '/home/pavaris/FRA532_LAB2_Control/build/quad_description': CMAKE_PREFIX_PATH=/opt/ros/humble /usr/bin/cmake --install /home/pavaris/FRA532_LAB2_Control/build/quad_description
[0.247s] -- Install configuration: ""
[0.247s] -- Up-to-date: /home/pavaris/FRA532_LAB2_Control/install/quad_description/lib/quad_description/PID.py
[0.247s] -- Up-to-date: /home/pavaris/FRA532_LAB2_Control/install/quad_description/lib/quad_description/LQR.py
[0.247s] -- Installing: /home/pavaris/FRA532_LAB2_Control/install/quad_description/lib/quad_description/MPCNode5.py
[0.247s] -- Installing: /home/pavaris/FRA532_LAB2_Control/install/quad_description/lib/quad_description/trajectory_visualizer.py
[0.247s] -- Up-to-date: /home/pavaris/FRA532_LAB2_Control/install/quad_description/share/quad_description/urdf
[0.247s] -- Up-to-date: /home/pavaris/FRA532_LAB2_Control/install/quad_description/share/quad_description/urdf/gazebo_full.xacro
[0.247s] -- Up-to-date: /home/pavaris/FRA532_LAB2_Control/install/quad_description/share/quad_description/urdf/quadrotor_base.xacro
[0.247s] -- Up-to-date: /home/pavaris/FRA532_LAB2_Control/install/quad_description/share/quad_description/urdf/robot_params.xacro
[0.247s] -- Up-to-date: /home/pavaris/FRA532_LAB2_Control/install/quad_description/share/quad_description/meshes
[0.247s] -- Up-to-date: /home/pavaris/FRA532_LAB2_Control/install/quad_description/share/quad_description/meshes/ccw.stl
[0.247s] -- Up-to-date: /home/pavaris/FRA532_LAB2_Control/install/quad_description/share/quad_description/meshes/x3.dae
[0.247s] -- Up-to-date: /home/pavaris/FRA532_LAB2_Control/install/quad_description/share/quad_description/meshes/cw.stl
[0.248s] -- Up-to-date: /home/pavaris/FRA532_LAB2_Control/install/quad_description/share/quad_description/meshes/x3.jpg
[0.248s] -- Up-to-date: /home/pavaris/FRA532_LAB2_Control/install/quad_description/share/quad_description/launch
[0.248s] -- Installing: /home/pavaris/FRA532_LAB2_Control/install/quad_description/share/quad_description/launch/sim.launch.py
[0.248s] -- Up-to-date: /home/pavaris/FRA532_LAB2_Control/install/quad_description/share/quad_description/launch/rsp.launch.py
[0.248s] -- Installing: /home/pavaris/FRA532_LAB2_Control/install/quad_description/share/quad_description/launch/mpc.launch.py
[0.248s] -- Up-to-date: /home/pavaris/FRA532_LAB2_Control/install/quad_description/share/quad_description/config
[0.248s] -- Up-to-date: /home/pavaris/FRA532_LAB2_Control/install/quad_description/share/quad_description/config/gz_bridge.yaml
[0.248s] -- Up-to-date: /home/pavaris/FRA532_LAB2_Control/install/quad_description/share/quad_description/config/gaz_ros2_ctl_use_sim.yaml
[0.248s] -- Up-to-date: /home/pavaris/FRA532_LAB2_Control/install/quad_description/share/quad_description/worlds
[0.248s] -- Up-to-date: /home/pavaris/FRA532_LAB2_Control/install/quad_description/share/quad_description/worlds/wind.sdf
[0.248s] -- Up-to-date: /home/pavaris/FRA532_LAB2_Control/install/quad_description/share/quad_description/worlds/empty.sdf
[0.248s] -- Up-to-date: /home/pavaris/FRA532_LAB2_Control/install/quad_description/share/quad_description/rviz
[0.248s] -- Up-to-date: /home/pavaris/FRA532_LAB2_Control/install/quad_description/share/quad_description/rviz/sim.rviz
[0.248s] -- Up-to-date: /home/pavaris/FRA532_LAB2_Control/install/quad_description/share/ament_index/resource_index/package_run_dependencies/quad_description
[0.248s] -- Installing: /home/pavaris/FRA532_LAB2_Control/install/quad_description/share/ament_index/resource_index/parent_prefix_path/quad_description
[0.248s] -- Up-to-date: /home/pavaris/FRA532_LAB2_Control/install/quad_description/share/quad_description/environment/ament_prefix_path.sh
[0.249s] -- Installing: /home/pavaris/FRA532_LAB2_Control/install/quad_description/share/quad_description/environment/ament_prefix_path.dsv
[0.249s] -- Up-to-date: /home/pavaris/FRA532_LAB2_Control/install/quad_description/share/quad_description/environment/path.sh
[0.249s] -- Installing: /home/pavaris/FRA532_LAB2_Control/install/quad_description/share/quad_description/environment/path.dsv
[0.249s] -- Up-to-date: /home/pavaris/FRA532_LAB2_Control/install/quad_description/share/quad_description/local_setup.bash
[0.249s] -- Up-to-date: /home/pavaris/FRA532_LAB2_Control/install/quad_description/share/quad_description/local_setup.sh
[0.249s] -- Up-to-date: /home/pavaris/FRA532_LAB2_Control/install/quad_description/share/quad_description/local_setup.zsh
[0.249s] -- Installing: /home/pavaris/FRA532_LAB2_Control/install/quad_description/share/quad_description/local_setup.dsv
[0.249s] -- Installing: /home/pavaris/FRA532_LAB2_Control/install/quad_description/share/quad_description/package.dsv
[0.249s] -- Up-to-date: /home/pavaris/FRA532_LAB2_Control/install/quad_description/share/ament_index/resource_index/packages/quad_description
[0.249s] -- Up-to-date: /home/pavaris/FRA532_LAB2_Control/install/quad_description/share/quad_description/cmake/quad_descriptionConfig.cmake
[0.249s] -- Up-to-date: /home/pavaris/FRA532_LAB2_Control/install/quad_description/share/quad_description/cmake/quad_descriptionConfig-version.cmake
[0.249s] -- Up-to-date: /home/pavaris/FRA532_LAB2_Control/install/quad_description/share/quad_description/package.xml
[0.250s] Invoked command in '/home/pavaris/FRA532_LAB2_Control/build/quad_description' returned '0': CMAKE_PREFIX_PATH=/opt/ros/humble /usr/bin/cmake --install /home/pavaris/FRA532_LAB2_Control/build/quad_description
